<?xml version="1.0" encoding="UTF-8"?>
<testng-results skipped="0" failed="0" total="1" passed="1">
  <reporter-output>
  </reporter-output>
  <suite name="Suite" duration-ms="11257" started-at="2019-03-25T11:18:07Z" finished-at="2019-03-25T11:18:19Z">
    <groups>
    </groups>
    <test name="Test" duration-ms="11257" started-at="2019-03-25T11:18:07Z" finished-at="2019-03-25T11:18:19Z">
      <class name="com.tests.NewTest">
        <test-method status="PASS" signature="beforeTest()[pri:0, instance:com.tests.NewTest@380fb434]" name="beforeTest" is-config="true" duration-ms="47" started-at="2019-03-25T16:48:07Z" finished-at="2019-03-25T16:48:07Z">
          <reporter-output>
          </reporter-output>
        </test-method> <!-- beforeTest -->
        <test-method status="PASS" signature="testEasy()[pri:0, instance:com.tests.NewTest@380fb434]" name="testEasy" duration-ms="9889" started-at="2019-03-25T16:48:07Z" finished-at="2019-03-25T16:48:17Z">
          <reporter-output>
          </reporter-output>
        </test-method> <!-- testEasy -->
        <test-method status="PASS" signature="afterTest()[pri:0, instance:com.tests.NewTest@380fb434]" name="afterTest" is-config="true" duration-ms="1306" started-at="2019-03-25T16:48:17Z" finished-at="2019-03-25T16:48:19Z">
          <reporter-output>
          </reporter-output>
        </test-method> <!-- afterTest -->
      </class> <!-- com.tests.NewTest -->
    </test> <!-- Test -->
  </suite> <!-- Suite -->
</testng-results>
